# JRE version: Java(TM) SE Runtime Environment (8.0_60-b27) (build 1.8.0_60-b27)
# Java VM: Java HotSpot(TM) 64-Bit Server VM (25.60-b23 mixed mode windows-amd64 compressed oops)
Heap:
 PSYoungGen      total 246784K, used 45629K [0x00000000d5e00000, 0x00000000e8780000, 0x0000000100000000)
  eden space 207872K, 12% used [0x00000000d5e00000,0x00000000d7815358,0x00000000e2900000)
  from space 38912K, 48% used [0x00000000e4c80000,0x00000000e5efa288,0x00000000e7280000)
  to   space 36352K, 0% used [0x00000000e2900000,0x00000000e2900000,0x00000000e4c80000)
 ParOldGen       total 109056K, used 44687K [0x0000000081a00000, 0x0000000088480000, 0x00000000d5e00000)
  object space 109056K, 40% used [0x0000000081a00000,0x00000000845a3de8,0x0000000088480000)
 Metaspace       used 13200K, capacity 13478K, committed 13696K, reserved 1060864K
  class space    used 1511K, capacity 1593K, committed 1664K, reserved 1048576K
GC Heap History (10 events):
Event: 4.812 GC heap before
{Heap before GC invocations=3 (full 0):
 PSYoungGen      total 71680K, used 71525K [0x00000000d5e00000, 0x00000000da900000, 0x0000000100000000)
  eden space 66560K, 99% used [0x00000000d5e00000,0x00000000d9ee13f8,0x00000000d9f00000)
  from space 5120K, 99% used [0x00000000da400000,0x00000000da8f8040,0x00000000da900000)
  to   space 5120K, 0% used [0x00000000d9f00000,0x00000000d9f00000,0x00000000da400000)
 ParOldGen       total 87552K, used 20286K [0x0000000081a00000, 0x0000000086f80000, 0x00000000d5e00000)
  object space 87552K, 23% used [0x0000000081a00000,0x0000000082dcf8f8,0x0000000086f80000)
 Metaspace       used 11526K, capacity 11716K, committed 11904K, reserved 1060864K
  class space    used 1328K, capacity 1384K, committed 1408K, reserved 1048576K
Event: 4.830 GC heap after
Heap after GC invocations=3 (full 0):
 PSYoungGen      total 71680K, used 5112K [0x00000000d5e00000, 0x00000000dea00000, 0x0000000100000000)
  eden space 66560K, 0% used [0x00000000d5e00000,0x00000000d5e00000,0x00000000d9f00000)
  from space 5120K, 99% used [0x00000000d9f00000,0x00000000da3fe0b0,0x00000000da400000)
  to   space 5120K, 0% used [0x00000000de500000,0x00000000de500000,0x00000000dea00000)
 ParOldGen       total 87552K, used 49780K [0x0000000081a00000, 0x0000000086f80000, 0x00000000d5e00000)
  object space 87552K, 56% used [0x0000000081a00000,0x0000000084a9d0c8,0x0000000086f80000)
 Metaspace       used 11526K, capacity 11716K, committed 11904K, reserved 1060864K
  class space    used 1328K, capacity 1384K, committed 1408K, reserved 1048576K
}
Event: 4.830 GC heap before
{Heap before GC invocations=4 (full 1):
 PSYoungGen      total 71680K, used 5112K [0x00000000d5e00000, 0x00000000dea00000, 0x0000000100000000)
  eden space 66560K, 0% used [0x00000000d5e00000,0x00000000d5e00000,0x00000000d9f00000)
  from space 5120K, 99% used [0x00000000d9f00000,0x00000000da3fe0b0,0x00000000da400000)
  to   space 5120K, 0% used [0x00000000de500000,0x00000000de500000,0x00000000dea00000)
 ParOldGen       total 87552K, used 49780K [0x0000000081a00000, 0x0000000086f80000, 0x00000000d5e00000)
  object space 87552K, 56% used [0x0000000081a00000,0x0000000084a9d0c8,0x0000000086f80000)
 Metaspace       used 11526K, capacity 11716K, committed 11904K, reserved 1060864K
  class space    used 1328K, capacity 1384K, committed 1408K, reserved 1048576K
Event: 4.854 GC heap after
Heap after GC invocations=4 (full 1):
 PSYoungGen      total 71680K, used 0K [0x00000000d5e00000, 0x00000000dea00000, 0x0000000100000000)
  eden space 66560K, 0% used [0x00000000d5e00000,0x00000000d5e00000,0x00000000d9f00000)
  from space 5120K, 0% used [0x00000000d9f00000,0x00000000d9f00000,0x00000000da400000)
  to   space 5120K, 0% used [0x00000000de500000,0x00000000de500000,0x00000000dea00000)
 ParOldGen       total 109056K, used 29855K [0x0000000081a00000, 0x0000000088480000, 0x00000000d5e00000)
  object space 109056K, 27% used [0x0000000081a00000,0x0000000083727d18,0x0000000088480000)
 Metaspace       used 11526K, capacity 11716K, committed 11904K, reserved 1060864K
  class space    used 1328K, capacity 1384K, committed 1408K, reserved 1048576K
}
Event: 5.067 GC heap before
{Heap before GC invocations=5 (full 1):
 PSYoungGen      total 71680K, used 66560K [0x00000000d5e00000, 0x00000000dea00000, 0x0000000100000000)
  eden space 66560K, 100% used [0x00000000d5e00000,0x00000000d9f00000,0x00000000d9f00000)
  from space 5120K, 0% used [0x00000000d9f00000,0x00000000d9f00000,0x00000000da400000)
  to   space 5120K, 0% used [0x00000000de500000,0x00000000de500000,0x00000000dea00000)
 ParOldGen       total 109056K, used 29855K [0x0000000081a00000, 0x0000000088480000, 0x00000000d5e00000)
  object space 109056K, 27% used [0x0000000081a00000,0x0000000083727d18,0x0000000088480000)
 Metaspace       used 11526K, capacity 11716K, committed 11904K, reserved 1060864K
  class space    used 1328K, capacity 1384K, committed 1408K, reserved 1048576K
Event: 5.070 GC heap after
Heap after GC invocations=5 (full 1):
 PSYoungGen      total 120320K, used 3352K [0x00000000d5e00000, 0x00000000de880000, 0x0000000100000000)
  eden space 116736K, 0% used [0x00000000d5e00000,0x00000000d5e00000,0x00000000dd000000)
  from space 3584K, 93% used [0x00000000de500000,0x00000000de846070,0x00000000de880000)
  to   space 5120K, 0% used [0x00000000dde80000,0x00000000dde80000,0x00000000de380000)
 ParOldGen       total 109056K, used 33863K [0x0000000081a00000, 0x0000000088480000, 0x00000000d5e00000)
  object space 109056K, 31% used [0x0000000081a00000,0x0000000083b11d30,0x0000000088480000)
 Metaspace       used 11526K, capacity 11716K, committed 11904K, reserved 1060864K
  class space    used 1328K, capacity 1384K, committed 1408K, reserved 1048576K
}
Event: 5.555 GC heap before
{Heap before GC invocations=6 (full 1):
 PSYoungGen      total 120320K, used 117494K [0x00000000d5e00000, 0x00000000de880000, 0x0000000100000000)
  eden space 116736K, 97% used [0x00000000d5e00000,0x00000000dcd779f0,0x00000000dd000000)
  from space 3584K, 93% used [0x00000000de500000,0x00000000de846070,0x00000000de880000)
  to   space 5120K, 0% used [0x00000000dde80000,0x00000000dde80000,0x00000000de380000)
 ParOldGen       total 109056K, used 33863K [0x0000000081a00000, 0x0000000088480000, 0x00000000d5e00000)
  object space 109056K, 31% used [0x0000000081a00000,0x0000000083b11d30,0x0000000088480000)
 Metaspace       used 11787K, capacity 12058K, committed 12288K, reserved 1060864K
  class space    used 1355K, capacity 1461K, committed 1536K, reserved 1048576K
Event: 5.564 GC heap after
Heap after GC invocations=6 (full 1):
 PSYoungGen      total 136704K, used 5107K [0x00000000d5e00000, 0x00000000e7280000, 0x0000000100000000)
  eden space 131584K, 0% used [0x00000000d5e00000,0x00000000d5e00000,0x00000000dde80000)
  from space 5120K, 99% used [0x00000000dde80000,0x00000000de37ce10,0x00000000de380000)
  to   space 38912K, 0% used [0x00000000e4c80000,0x00000000e4c80000,0x00000000e7280000)
 ParOldGen       total 109056K, used 44679K [0x0000000081a00000, 0x0000000088480000, 0x00000000d5e00000)
  object space 109056K, 40% used [0x0000000081a00000,0x00000000845a1de8,0x0000000088480000)
 Metaspace       used 11787K, capacity 12058K, committed 12288K, reserved 1060864K
  class space    used 1355K, capacity 1461K, committed 1536K, reserved 1048576K
}
Event: 6.063 GC heap before
{Heap before GC invocations=7 (full 1):
 PSYoungGen      total 136704K, used 135758K [0x00000000d5e00000, 0x00000000e7280000, 0x0000000100000000)
  eden space 131584K, 99% used [0x00000000d5e00000,0x00000000ddd96b70,0x00000000dde80000)
  from space 5120K, 99% used [0x00000000dde80000,0x00000000de37ce10,0x00000000de380000)
  to   space 38912K, 0% used [0x00000000e4c80000,0x00000000e4c80000,0x00000000e7280000)
 ParOldGen       total 109056K, used 44679K [0x0000000081a00000, 0x0000000088480000, 0x00000000d5e00000)
  object space 109056K, 40% used [0x0000000081a00000,0x00000000845a1de8,0x0000000088480000)
 Metaspace       used 11828K, capacity 12122K, committed 12288K, reserved 1060864K
  class space    used 1355K, capacity 1461K, committed 1536K, reserved 1048576K
Event: 6.072 GC heap after
Heap after GC invocations=7 (full 1):
 PSYoungGen      total 246784K, used 18920K [0x00000000d5e00000, 0x00000000e8780000, 0x0000000100000000)
  eden space 207872K, 0% used [0x00000000d5e00000,0x00000000d5e00000,0x00000000e2900000)
  from space 38912K, 48% used [0x00000000e4c80000,0x00000000e5efa288,0x00000000e7280000)
  to   space 36352K, 0% used [0x00000000e2900000,0x00000000e2900000,0x00000000e4c80000)
 ParOldGen       total 109056K, used 44687K [0x0000000081a00000, 0x0000000088480000, 0x00000000d5e00000)
  object space 109056K, 40% used [0x0000000081a00000,0x00000000845a3de8,0x0000000088480000)
 Metaspace       used 11828K, capacity 12122K, committed 12288K, reserved 1060864K
  class space    used 1355K, capacity 1461K, committed 1536K, reserved 1048576K
}

